<?xml version="1.0" encoding="UTF-8"?>
<!-- Generated by org.testng.reporters.JUnitXMLReporter -->
<testsuite ignored="0" hostname="arya-sudarsanan" failures="0" tests="10" name="Test" time="55.606" errors="0" timestamp="2025-09-11T18:49:36 IST">
  <testcase classname="testscript.HomeTest" name="verifylogout" time="1.804"/>
  <testcase classname="testscript.AdminTest" name="verifyadduser" time="7.593"/>
  <testcase classname="testscript.AdminTest" name="verifyhomepage" time="2.386"/>
  <testcase classname="testscript.AdminTest" name="verifysearch" time="2.654"/>
  <testcase classname="testscript.NewsTest" name="verifyaddnews" time="1.938"/>
  <testcase classname="testscript.NewsTest" name="verifyresetnews" time="1.237"/>
  <testcase classname="testscript.LoginTest" name="verifyloginwithvalidcredentials" time="0.732"/>
  <testcase classname="testscript.LoginTest" name="verifyloginwithvalidusernameandinvalidpassword" time="0.221"/>
  <testcase classname="testscript.LoginTest" name="verifyloginwithinvalidusernameandvalidpassword" time="0.399"/>
  <testcase classname="testscript.LoginTest" name="verifyloginwithinvalidcredentials" time="0.218"/>
</testsuite> <!-- Test -->
