<?xml version="1.0" encoding="UTF-8"?>
<!-- Generated by org.testng.reporters.JUnitXMLReporter -->
<testsuite ignored="0" hostname="arya-sudarsanan" failures="1" tests="1" name="Default test(failed)" time="3.12" errors="0" timestamp="2025-08-27T11:44:21 IST">
  <testcase classname="testscript.LoginTest" name="verifyloginwithvalidcredentials" time="0.009">
    <failure type="java.io.FileNotFoundException" message="C:\Users\aryas\New folder (2)\GroceryApplication\src\test\resources\TestData.xlsx (The system cannot find the file specified)">
      <![CDATA[java.io.FileNotFoundException: C:\Users\aryas\New folder (2)\GroceryApplication\src\test\resources\TestData.xlsx (The system cannot find the file specified)
at java.base/java.io.FileInputStream.open0(Native Method)
at java.base/java.io.FileInputStream.open(FileInputStream.java:213)
at java.base/java.io.FileInputStream.<init>(FileInputStream.java:152)
at java.base/java.io.FileInputStream.<init>(FileInputStream.java:106)
at utilities.ExcelUtility.getStringData(ExcelUtility.java:24)
at testscript.LoginTest.verifyloginwithvalidcredentials(LoginTest.java:15)
at java.base/java.util.ArrayList.forEach(ArrayList.java:1596)
... Removed 25 stack frames]]>
    </failure>
  </testcase> <!-- verifyloginwithvalidcredentials -->
</testsuite> <!-- Default test(failed) -->
